21:07:15.362 [main] DEBUG org.apache.poi.ooxml.POIXMLFactory - using default POIXMLDocumentPart for http://schemas.openxmlformats.org/officeDocument/2006/relationships/printerSettings
21:07:15.371 [main] DEBUG org.apache.poi.openxml4j.opc.PackageRelationshipCollection - Parsing relationship: /xl/_rels/workbook.xml.rels
21:07:15.371 [main] DEBUG org.apache.poi.openxml4j.opc.PackageRelationshipCollection - Parsing relationship: /xl/worksheets/_rels/sheet1.xml.rels
21:07:15.372 [main] DEBUG org.apache.poi.openxml4j.opc.PackageRelationshipCollection - Parsing relationship: /_rels/.rels
21:07:15.375 [main] DEBUG org.apache.poi.ooxml.POIXMLFactory - using default POIXMLDocumentPart for http://schemas.openxmlformats.org/officeDocument/2006/relationships/printerSettings
21:07:15.408 [main] DEBUG org.apache.poi.openxml4j.opc.PackageRelationshipCollection - Parsing relationship: /xl/_rels/workbook.xml.rels
21:07:15.408 [main] DEBUG org.apache.poi.openxml4j.opc.PackageRelationshipCollection - Parsing relationship: /xl/worksheets/_rels/sheet1.xml.rels
21:07:15.408 [main] DEBUG org.apache.poi.openxml4j.opc.PackageRelationshipCollection - Parsing relationship: /_rels/.rels
21:07:15.412 [main] DEBUG org.apache.poi.ooxml.POIXMLFactory - using default POIXMLDocumentPart for http://schemas.openxmlformats.org/officeDocument/2006/relationships/printerSettings
21:07:15.417 [main] DEBUG org.apache.poi.openxml4j.opc.PackageRelationshipCollection - Parsing relationship: /xl/_rels/workbook.xml.rels
21:07:15.418 [main] DEBUG org.apache.poi.openxml4j.opc.PackageRelationshipCollection - Parsing relationship: /xl/worksheets/_rels/sheet1.xml.rels
21:07:15.418 [main] DEBUG org.apache.poi.openxml4j.opc.PackageRelationshipCollection - Parsing relationship: /_rels/.rels
21:07:15.422 [main] DEBUG org.apache.poi.ooxml.POIXMLFactory - using default POIXMLDocumentPart for http://schemas.openxmlformats.org/officeDocument/2006/relationships/printerSettings
21:07:15.458 [main] INFO  testCases.TC003_LoginDDT - ****** Starting TC003_LoginDDT   *********
21:07:17.959 [main] INFO  testCases.TC003_LoginDDT - ****** Finished TC003_LoginDDT   *********
21:07:17.973 [main] INFO  testCases.TC003_LoginDDT - ****** Starting TC003_LoginDDT   *********
21:07:29.396 [main] INFO  testCases.TC003_LoginDDT - ****** Finished TC003_LoginDDT   *********
21:07:29.396 [main] INFO  testCases.TC003_LoginDDT - ****** Starting TC003_LoginDDT   *********
21:07:32.190 [main] INFO  testCases.TC003_LoginDDT - ****** Finished TC003_LoginDDT   *********
21:07:32.193 [main] INFO  testCases.TC003_LoginDDT - ****** Starting TC003_LoginDDT   *********
21:07:43.651 [main] INFO  testCases.TC003_LoginDDT - ****** Finished TC003_LoginDDT   *********
21:07:43.666 [main] INFO  testCases.TC003_LoginDDT - ****** Starting TC003_LoginDDT   *********
21:07:46.568 [main] INFO  testCases.TC003_LoginDDT - ****** Starting TC003_LoginDDT   *********
21:07:57.975 [main] INFO  testCases.TC003_LoginDDT - ****** Finished TC003_LoginDDT   *********
21:07:57.975 [main] INFO  testCases.TC003_LoginDDT - ****** Starting TC003_LoginDDT   *********
21:08:09.729 [main] INFO  testCases.TC003_LoginDDT - ****** Finished TC003_LoginDDT   *********
21:08:09.729 [main] INFO  testCases.TC003_LoginDDT - ****** Starting TC003_LoginDDT   *********
21:08:21.322 [main] INFO  testCases.TC003_LoginDDT - ****** Finished TC003_LoginDDT   *********
21:11:32.609 [main] DEBUG org.testng.TestNG - suiteXmlPath: "C:\Automation\OpencartV3040\grouping.xml"
21:11:32.850 [main] INFO  org.testng.internal.Utils - [TestNG] Running:
  C:\Automation\OpencartV3040\grouping.xml

21:11:36.856 [main] INFO  testCases.TC001_AccountRegistrationTest - ****** Starting TC001_AccountRegistrationTest   *********
21:11:36.941 [main] INFO  testCases.TC001_AccountRegistrationTest - Clicked on My Account Link
21:11:37.688 [main] INFO  testCases.TC001_AccountRegistrationTest - Clicked on Registration Link
21:11:37.693 [main] INFO  testCases.TC001_AccountRegistrationTest - Providing customer details....
21:11:41.303 [main] INFO  testCases.TC001_AccountRegistrationTest - Validating expected message
21:11:41.344 [main] ERROR testCases.TC001_AccountRegistrationTest - Test failed
21:11:41.344 [main] DEBUG testCases.TC001_AccountRegistrationTest - Debug Logs...
21:11:45.826 [main] INFO  testCases.TC002_LoginTest - *********** Starting TC002_LoginTest *********
21:11:47.643 [main] INFO  testCases.TC002_LoginTest - *********** Finished TC002_LoginTest *********
21:17:03.642 [main] DEBUG org.testng.TestNG - suiteXmlPath: "C:\Automation\OpencartV3040\grouping.xml"
21:17:03.860 [main] INFO  org.testng.internal.Utils - [TestNG] Running:
  C:\Automation\OpencartV3040\grouping.xml

21:17:08.041 [main] INFO  testCases.TC001_AccountRegistrationTest - ****** Starting TC001_AccountRegistrationTest   *********
21:17:08.142 [main] INFO  testCases.TC001_AccountRegistrationTest - Clicked on My Account Link
21:17:08.946 [main] INFO  testCases.TC001_AccountRegistrationTest - Clicked on Registration Link
